[debug] [2023-08-10T19:58:18.857Z] ----------------------------------------------------------------------
[debug] [2023-08-10T19:58:18.858Z] Command:       /usr/bin/node /usr/bin/firebase login
[debug] [2023-08-10T19:58:18.858Z] CLI Version:   12.4.7
[debug] [2023-08-10T19:58:18.859Z] Platform:      linux
[debug] [2023-08-10T19:58:18.859Z] Node Version:  v16.19.1
[debug] [2023-08-10T19:58:18.859Z] Time:          Thu Aug 10 2023 12:58:18 GMT-0700 (Pacific Daylight Time)
[debug] [2023-08-10T19:58:18.859Z] ----------------------------------------------------------------------
[debug] 
[info] i  Firebase optionally collects CLI and Emulator Suite usage and error reporting information to help improve our products. Data is collected in accordance with Google's privacy policy (https://policies.google.com/privacy) and is not used to identify you.
 
[info] i  To change your data collection preference at any time, run `firebase logout` and log in again. 
[info] 
[info] Visit this URL on this device to log in:
[info] https://accounts.google.com/o/oauth2/auth?client_id=563584335869-fgrhgmd47bqnekij5i8b5pr03ho849e6.apps.googleusercontent.com&scope=email%20openid%20https%3A%2F%2Fwww.googleapis.com%2Fauth%2Fcloudplatformprojects.readonly%20https%3A%2F%2Fwww.googleapis.com%2Fauth%2Ffirebase%20https%3A%2F%2Fwww.googleapis.com%2Fauth%2Fcloud-platform&response_type=code&state=1024596084&redirect_uri=http%3A%2F%2Flocalhost%3A9005
[info] 
[info] Waiting for authentication...
[debug] [2023-08-10T19:58:24.436Z] >>> [apiv2][query] POST https://auth.firebase.tools/attest [none]
[debug] [2023-08-10T19:58:24.437Z] >>> [apiv2][body] POST https://auth.firebase.tools/attest {"session_id":"4f6748a9-93cf-4d02-bcc1-572c1669d21c"}
[debug] [2023-08-10T19:58:24.638Z] <<< [apiv2][status] POST https://auth.firebase.tools/attest 200
[debug] [2023-08-10T19:58:24.638Z] <<< [apiv2][body] POST https://auth.firebase.tools/attest {"token":"6qdKhCU3XpH-ZVpIPe_DiJ3KoiCA92CZDwj7AvKq5qA"}
[info] 
[info] To sign in to the Firebase CLI:
[info] 
[info] 1. Take note of your session ID:
[info] 
[info]    4F674
[info] 
[info] 2. Visit the URL below on any device and follow the instructions to get your code:
[info] 
[info]    https://auth.firebase.tools/login?code_challenge=-AHyctwxi6ZBgvcwO4xIj4PGRyVgkuWwefDRatTl5FY&session=4f6748a9-93cf-4d02-bcc1-572c1669d21c&attest=6qdKhCU3XpH-ZVpIPe_DiJ3KoiCA92CZDwj7AvKq5qA
[info] 
[info] 3. Paste or enter the authorization code below once you have it:
[info] 
